[debug] [2018-05-16T20:42:49.095Z] ----------------------------------------------------------------------
[debug] [2018-05-16T20:42:49.096Z] Command:       /usr/local/bin/node /usr/local/bin/firebase serve --only functions
[debug] [2018-05-16T20:42:49.096Z] CLI Version:   3.17.6
[debug] [2018-05-16T20:42:49.097Z] Platform:      darwin
[debug] [2018-05-16T20:42:49.097Z] Node Version:  v8.4.0
[debug] [2018-05-16T20:42:49.097Z] Time:          Wed May 16 2018 22:42:49 GMT+0200 (CEST)
[debug] [2018-05-16T20:42:49.097Z] ----------------------------------------------------------------------
[debug] 
[debug] [2018-05-16T20:42:49.105Z] > command requires scopes: ["email","openid","https://www.googleapis.com/auth/cloudplatformprojects.readonly","https://www.googleapis.com/auth/firebase","https://www.googleapis.com/auth/cloud-platform"]
[debug] [2018-05-16T20:42:49.105Z] > authorizing via signed-in user
[debug] [2018-05-16T20:42:49.107Z] >>> HTTP REQUEST GET https://admin.firebase.com/v1/projects/akcjareaktywacja-39acb  
  
 Wed May 16 2018 22:42:49 GMT+0200 (CEST)
[debug] [2018-05-16T20:42:50.047Z] <<< HTTP RESPONSE 200
[debug] [2018-05-16T20:42:50.048Z] >>> HTTP REQUEST GET https://admin.firebase.com/v1/database/akcjareaktywacja-39acb/tokens  
  
 Wed May 16 2018 22:42:50 GMT+0200 (CEST)
[debug] [2018-05-16T20:42:51.032Z] <<< HTTP RESPONSE 200
[debug] [2018-05-16T20:42:51.033Z] >>> HTTP REQUEST GET https://cloudresourcemanager.googleapis.com/v1/projects/akcjareaktywacja-39acb  
  
 Wed May 16 2018 22:42:51 GMT+0200 (CEST)
[debug] [2018-05-16T20:42:51.955Z] <<< HTTP RESPONSE 200
[info] 
[info] === Serving from '/Users/virtua/Sites/ar_app'...
[info] 
[info] i  functions: Preparing to emulate functions.
[debug] [2018-05-16T20:42:52.332Z] Fetching environment
[debug] [2018-05-16T20:42:52.334Z] >>> HTTP REQUEST GET https://mobilesdk-pa.googleapis.com/v1/projects/951885335245:getServerAppConfig  
  
 Wed May 16 2018 22:42:52 GMT+0200 (CEST)
[debug] [2018-05-16T20:42:53.183Z] <<< HTTP RESPONSE 200
[debug] [2018-05-16T20:42:53.184Z] Starting @google-cloud/functions-emulator
[debug] [2018-05-16T20:42:54.740Z] Parsing function triggers
[info] ✔  functions: api: http://localhost:5000/akcjareaktywacja-39acb/us-central1/api
